[INFO] Console - predicting pockets for proteins from dataset [6gl8_cleaned.pdb]
[INFO] PredictPocketsRoutine - outdir: /home/csicheri/RFdiffusion_pipeline/prediction/p2rank/outputs/6gl8_clean
[INFO] FeatureSetup - enabledFeatures: [chem, volsite, protrusion, bfactor, atom_table]
[INFO] Dataset - processing dataset [6gl8_cleaned.pdb] using 0 threads
[INFO] Dataset - 
------------------------------------------------------------------------------------------------------------------------
processing [6gl8_cleaned.pdb] (1/1)
------------------------------------------------------------------------------------------------------------------------

[INFO] Console - processing [6gl8_cleaned.pdb] (1/1)
[INFO] Protein - loading protein [/home/csicheri/RFdiffusion_pipeline/clean_pdbs/6gl8_cleaned.pdb]
[INFO] PdbUtils - loading file [/home/csicheri/RFdiffusion_pipeline/clean_pdbs//6gl8_cleaned.pdb]
[INFO] Struct - groups in chain A: 144
[INFO] Struct - groups in chain A: 144
[INFO] Struct - 144 groups in chain A
[INFO] Protein - structure atoms: 1188
[INFO] Protein - protein   atoms: 1150
[INFO] Protein - ignoring ligands
[INFO] FeatureSetup - enabledFeatures: [chem, volsite, protrusion, bfactor, atom_table]
[INFO] Protein - SAS points: 2556
[INFO] Protein - exposed protein atoms: 791 of 1150
[INFO] InstancePredictor - Creating WekaInstancePredictor
[INFO] SLinkClusterer - clustering [38] elements
[INFO] SLinkClusterer - clusters: [id:24( 18 ), id:29( 7 ), id:33( 8 ), id:37( 5 )]
[INFO] SLinkClusterer - clusters together: 38 / 38
[INFO] PocketPredictor - PREDICTING POCKETS.... ====================================
[INFO] PocketPredictor - SAS POINTS: 2556
[INFO] PocketPredictor - LIGANDABLE POINTS: 38
[INFO] PocketPredictor - CLUSTERS: 4
[INFO] PocketPredictor - FILTERED CLUSTERS: 4
[INFO] PocketPredictor - pocket 1 -  surf_atoms:  34   points:  18   score:    7.6
[INFO] PocketPredictor - pocket 2 -  surf_atoms:  22   points:   8   score:    2.5
[INFO] PocketPredictor - pocket 3 -  surf_atoms:  21   points:   7   score:    2.4
[INFO] PocketPredictor - pocket 4 -  surf_atoms:  16   points:   5   score:    1.1
[INFO] OldPymolRenderer - copying [/home/csicheri/RFdiffusion_pipeline/clean_pdbs/6gl8_cleaned.pdb] to [/home/csicheri/RFdiffusion_pipeline/prediction/p2rank/outputs/6gl8_clean/visualizations/data/6gl8_cleaned.pdb]
[INFO] Console - predicting pockets finished in 0 hours 0 minutes 16.246 seconds
[INFO] Console - results saved to directory [/home/csicheri/RFdiffusion_pipeline/prediction/p2rank/outputs/6gl8_clean]
[INFO] Console - 
[INFO] Console - Finished successfully in 0 hours 0 minutes 18.431 seconds.
