[INFO] Console - predicting pockets for proteins from dataset [4jnc_cleaned.pdb]
[INFO] PredictPocketsRoutine - outdir: /home/csicheri/RFdiffusion_pipeline/prediction/p2rank/outputs/4jnc_clean
[INFO] FeatureSetup - enabledFeatures: [chem, volsite, protrusion, bfactor, atom_table]
[INFO] Dataset - processing dataset [4jnc_cleaned.pdb] using 0 threads
[INFO] Dataset - 
------------------------------------------------------------------------------------------------------------------------
processing [4jnc_cleaned.pdb] (1/1)
------------------------------------------------------------------------------------------------------------------------

[INFO] Console - processing [4jnc_cleaned.pdb] (1/1)
[INFO] Protein - loading protein [/home/csicheri/RFdiffusion_pipeline/clean_pdbs/4jnc_cleaned.pdb]
[INFO] PdbUtils - loading file [/home/csicheri/RFdiffusion_pipeline/clean_pdbs//4jnc_cleaned.pdb]
[INFO] Struct - groups in chain A: 312
[INFO] Struct - groups in chain A: 312
[INFO] Struct - 312 groups in chain A
[INFO] Protein - structure atoms: 2478
[INFO] Protein - protein   atoms: 2432
[INFO] Protein - ignoring ligands
[INFO] FeatureSetup - enabledFeatures: [chem, volsite, protrusion, bfactor, atom_table]
[INFO] Protein - SAS points: 4053
[INFO] Protein - exposed protein atoms: 1509 of 2432
[INFO] InstancePredictor - Creating WekaInstancePredictor
[INFO] SLinkClusterer - clustering [141] elements
[INFO] SLinkClusterer - clusters: [id:0( 1 ), id:3( 1 ), id:10( 2 ), id:62( 133 ), id:101( 3 ), id:115( 1 )]
[INFO] SLinkClusterer - clusters together: 141 / 141
[INFO] PocketPredictor - PREDICTING POCKETS.... ====================================
[INFO] PocketPredictor - SAS POINTS: 4053
[INFO] PocketPredictor - LIGANDABLE POINTS: 141
[INFO] PocketPredictor - CLUSTERS: 6
[INFO] PocketPredictor - FILTERED CLUSTERS: 2
[INFO] PocketPredictor - pocket 1 -  surf_atoms: 111   points: 133   score:   65.3
[INFO] PocketPredictor - pocket 2 -  surf_atoms:  11   points:   3   score:    1.1
[INFO] OldPymolRenderer - copying [/home/csicheri/RFdiffusion_pipeline/clean_pdbs/4jnc_cleaned.pdb] to [/home/csicheri/RFdiffusion_pipeline/prediction/p2rank/outputs/4jnc_clean/visualizations/data/4jnc_cleaned.pdb]
[INFO] Console - predicting pockets finished in 0 hours 0 minutes 13.616 seconds
[INFO] Console - results saved to directory [/home/csicheri/RFdiffusion_pipeline/prediction/p2rank/outputs/4jnc_clean]
[INFO] Console - 
[INFO] Console - Finished successfully in 0 hours 0 minutes 15.850 seconds.
